Base path: 'C:/Program Files/UnityVersions/2019.4.1f1/Editor/Data', plugins path 'C:/Program Files/UnityVersions/2019.4.1f1/Editor/Data/PlaybackEngines'
Cmd: initializeCompiler
Cmd: preprocess
  insize=2340 outsize=400 ok=1
Cmd: preprocessCompute
  insize=1613 outsize=1614 ok=1
Cmd: compileComputeKernel
  error: 2 plat 4 at VectorGridCalculator.compute(50): if statement conditional expressions must evaluate to a scalar
  api=4 insize=1614 outsize=0 ok=0
Cmd: preprocessCompute
  insize=1618 outsize=1619 ok=1
Cmd: compileComputeKernel
  api=4 insize=1619 outsize=2178 ok=1
Cmd: preprocessCompute
  insize=1538 outsize=1539 ok=1
Cmd: compileComputeKernel
  error: 2 plat 4 at VectorGridCalculator.compute(48): undeclared identifier 'minX'
  api=4 insize=1539 outsize=0 ok=0
Cmd: preprocessCompute
  insize=1401 outsize=1402 ok=1
Cmd: compileComputeKernel
  api=4 insize=1402 outsize=2178 ok=1
Cmd: preprocess
  insize=2424 outsize=401 ok=1
Cmd: compileSnippet
  api=4 type=0 insize=2461 outsize=926 kw= pd=UNITY_ENABLE_REFLECTION_BUFFERS UNITY_USE_DITHER_MASK_FOR_ALPHABLENDED_SHADOWS UNITY_PBS_USE_BRDF1 UNITY_SPECCUBE_BOX_PROJECTION UNITY_SPECCUBE_BLENDING UNITY_ENABLE_DETAIL_NORMALMAP SHADER_API_DESKTOP UNITY_COLORSPACE_GAMMA UNITY_LIGHT_PROBE_PROXY_VOLUME UNITY_LIGHTMAP_FULL_HDR ok=1
Cmd: compileSnippet
  api=4 type=1 insize=2461 outsize=586 kw= pd=UNITY_ENABLE_REFLECTION_BUFFERS UNITY_USE_DITHER_MASK_FOR_ALPHABLENDED_SHADOWS UNITY_PBS_USE_BRDF1 UNITY_SPECCUBE_BOX_PROJECTION UNITY_SPECCUBE_BLENDING UNITY_ENABLE_DETAIL_NORMALMAP SHADER_API_DESKTOP UNITY_COLORSPACE_GAMMA UNITY_LIGHT_PROBE_PROXY_VOLUME UNITY_LIGHTMAP_FULL_HDR ok=1
